\BOOKMARK [1][-]{section.1}{\376\377\000I\000n\000t\000r\000o\000d\000u\000k\000s\000j\000o\000n\000\040\000-\000\040\000K\000o\000r\000t\000\040\000o\000m\000\040\000N\000o\000r\000d\000i\000c\000\040\000n\000R\000F\0005\0002\000\040\000D\000K}{}% 1
\BOOKMARK [1][-]{section.2}{\376\377\000P\000r\000a\000k\000t\000i\000s\000k\000\040\000r\000u\000n\000d\000t\000\040\000f\000i\000l\000e\000n\000e}{}% 2
\BOOKMARK [1][-]{section.3}{\376\377\000I\000n\000t\000r\000o\000d\000u\000k\000s\000j\000o\000n\000\040\000-\000\040\000P\000r\000a\000k\000t\000i\000s\000k\000\040\000r\000u\000n\000d\000t\000\040\000l\000a\000b\000e\000n}{}% 3
\BOOKMARK [2][-]{subsection.3.1}{\376\377\000M\000a\000k\000e\000f\000i\000l\000e}{section.3}% 4
\BOOKMARK [2][-]{subsection.3.2}{\376\377\000P\000r\000o\000g\000r\000a\000m\000m\000e\000r\000i\000n\000g\000s\000t\000a\000k\000t\000i\000k\000k}{section.3}% 5
\BOOKMARK [2][-]{subsection.3.3}{\376\377\000D\000a\000t\000a\000b\000l\000a\000d}{section.3}% 6
\BOOKMARK [2][-]{subsection.3.4}{\376\377\000F\000\370\000r\000s\000t\000e\000g\000a\000n\000g\000s\000o\000p\000p\000s\000e\000t\000t\000\040\000a\000v\000\040\000u\000t\000v\000i\000k\000l\000i\000n\000g\000s\000m\000i\000l\000j\000\370}{section.3}% 7
\BOOKMARK [2][-]{subsection.3.5}{\376\377\000S\000t\000r\000a\000t\000e\000g\000i\000e\000r\000\040\000f\000o\000r\000\040\000f\000e\000i\000l\000s\000\370\000k\000i\000n\000g}{section.3}% 8
\BOOKMARK [1][-]{section.1}{\376\377\000O\000p\000p\000g\000a\000v\000e\000\040\0001\000\040\000-\000\040\000G\000P\000I\000O}{}% 9
\BOOKMARK [2][-]{subsection.1.1}{\376\377\000B\000e\000s\000k\000r\000i\000v\000e\000l\000s\000e}{section.1}% 10
\BOOKMARK [2][-]{subsection.1.2}{\376\377\000O\000p\000p\000g\000a\000v\000e}{section.1}% 11
\BOOKMARK [2][-]{subsection.1.3}{\376\377\000H\000i\000n\000t}{section.1}% 12
\BOOKMARK [1][-]{section.2}{\376\377\000O\000p\000p\000g\000a\000v\000e\000\040\0002\000\040\000-\000\040\000U\000A\000R\000T}{}% 13
\BOOKMARK [2][-]{subsection.2.1}{\376\377\000B\000e\000s\000k\000r\000i\000v\000e\000l\000s\000e}{section.2}% 14
\BOOKMARK [2][-]{subsection.2.2}{\376\377\000O\000p\000p\000g\000a\000v\000e\000\040\000-\000\040\000I\000n\000n\000f\000\370\000r\000i\000n\000g\000\040\000i\000\040\000U\000A\000R\000T}{section.2}% 15
\BOOKMARK [3][-]{subsubsection.2.2.1}{\376\377\000m\000a\000i\000n\000-\0001\000.\000c\000p\000t}{subsection.2.2}% 16
\BOOKMARK [3][-]{subsubsection.2.2.2}{\376\377\000m\000a\000i\000n\000-\0002\000.\000c\000p\000t}{subsection.2.2}% 17
\BOOKMARK [3][-]{subsubsection.2.2.3}{\376\377\000m\000a\000i\000n\000-\0003\000.\000c\000p\000t}{subsection.2.2}% 18
\BOOKMARK [2][-]{subsection.2.3}{\376\377\000S\000e\000n\000d\000e\000f\000u\000n\000k\000s\000j\000o\000n}{section.2}% 19
\BOOKMARK [2][-]{subsection.2.4}{\376\377\000M\000o\000t\000t\000a\000k\000s\000f\000u\000n\000k\000s\000j\000o\000n}{section.2}% 20
\BOOKMARK [2][-]{subsection.2.5}{\376\377\000O\000p\000p\000g\000a\000v\000e\000\040\000-\000\040\000M\000e\000r\000\040\000a\000v\000a\000n\000s\000e\000r\000t\000\040\000I\000O}{section.2}% 21
\BOOKMARK [2][-]{subsection.2.6}{\376\377\000m\000a\000i\000n\000-\0004\000.\000c\000p\000t}{section.2}% 22
\BOOKMARK [2][-]{subsection.2.7}{\376\377\000H\000i\000n\000t}{section.2}% 23
\BOOKMARK [1][-]{section.3}{\376\377\000O\000p\000p\000g\000a\000v\000e\000\040\0003\000:\000\040\000G\000P\000I\000O\000T\000E\000\040\000o\000g\000\040\000P\000P\000I}{}% 24
\BOOKMARK [2][-]{subsection.3.1}{\376\377\000B\000e\000s\000k\000r\000i\000v\000e\000l\000s\000e}{section.3}% 25
\BOOKMARK [2][-]{subsection.3.2}{\376\377\000O\000p\000p\000g\000a\000v\000e\000\040\000-\000\040\000G\000r\000u\000n\000n\000l\000e\000g\000g\000e\000n\000d\000e\000\040\000G\000P\000I\000O\000T\000E\000\040\000o\000g\000\040\000P\000P\000I}{section.3}% 26
\BOOKMARK [3][-]{subsubsection.3.2.1}{\376\377\000G\000P\000I\000O\000T\000E}{subsection.3.2}% 27
\BOOKMARK [3][-]{subsubsection.3.2.2}{\376\377\000P\000P\000I}{subsection.3.2}% 28
\BOOKMARK [3][-]{subsubsection.3.2.3}{\376\377\000O\000p\000p\000h\000o\000l\000d\000\040\000C\000P\000U}{subsection.3.2}% 29
\BOOKMARK [2][-]{subsection.3.3}{\376\377\000H\000i\000n\000t}{section.3}% 30
\BOOKMARK [1][-]{appendix.A}{\376\377\000A\000p\000p\000e\000n\000d\000i\000k\000s\000\040\000-\000\040\000G\000r\000u\000n\000n\000l\000e\000g\000g\000e\000n\000d\000e\000\040\000d\000a\000t\000a\000b\000l\000a\000d\000k\000u\000n\000n\000s\000k\000a\000p\000e\000r}{}% 31
\BOOKMARK [2][-]{subsection.A.1}{\376\377\000M\000e\000m\000o\000r\000y\000\040\000M\000a\000p\000p\000e\000d\000\040\000I\000O\000\040\000i\000n\000f\000o\000r\000m\000a\000s\000j\000o\000n\000\040\000f\000r\000a\000\040\000d\000a\000t\000a\000b\000l\000a\000d}{appendix.A}% 32
\BOOKMARK [2][-]{subsection.A.2}{\376\377\000H\000i\000n\000t}{appendix.A}% 33
\BOOKMARK [1][-]{appendix.B}{\376\377\000A\000p\000p\000e\000n\000d\000i\000k\000s\000\040\000-\000\040\000B\000i\000t\000o\000p\000e\000r\000a\000s\000j\000o\000n\000e\000r\000\040\000i\000\040\000C}{}% 34
\BOOKMARK [1][-]{appendix.C}{\376\377\000A\000p\000p\000e\000n\000d\000i\000k\000s\000\040\000-\000\040\000K\000o\000r\000t\000\040\000o\000m\000\040\000U\000A\000R\000T}{}% 35
\BOOKMARK [1][-]{appendix.D}{\376\377\000A\000p\000p\000e\000n\000d\000i\000k\000s\000\040\000-\000\040\000K\000o\000r\000t\000\040\000o\000m\000\040\000p\000i\000c\000o\000c\000o\000m}{}% 36
\BOOKMARK [2][-]{subsection.D.1}{\376\377\000V\000a\000n\000l\000i\000g\000e\000\040\000f\000e\000i\000l\000\040\000v\000e\000d\000\040\000b\000r\000u\000k\000\040\000a\000v\000\040\000p\000i\000c\000o\000c\000o\000m}{appendix.D}% 37
\BOOKMARK [1][-]{appendix.E}{\376\377\000A\000p\000p\000e\000n\000d\000i\000k\000s\000\040\000-\000\040\000D\000e\000b\000u\000g\000g\000i\000n\000g\000\040\000a\000v\000\040\000m\000i\000k\000r\000o\000k\000o\000n\000t\000r\000o\000l\000l\000e\000r\000e}{}% 38
\BOOKMARK [2][-]{subsection.E.1}{\376\377\000S\000e\000r\000i\000a\000l\000\040\000W\000i\000r\000e\000\040\000D\000e\000b\000u\000g\000\040\000\050\000S\000W\000D\000\051}{appendix.E}% 39
\BOOKMARK [2][-]{subsection.E.2}{\376\377\000G\000D\000B\000\040\000S\000e\000r\000v\000e\000r}{appendix.E}% 40
\BOOKMARK [2][-]{subsection.E.3}{\376\377\000L\000a\000s\000t\000e\000\040\000o\000p\000p\000\040\000e\000k\000s\000e\000m\000p\000e\000l\000k\000o\000d\000e}{appendix.E}% 41
